2018-03-01 11:01:41  [ New I/O datagram worker #1'-'1:1978 ] - [ ERROR ]   - [com.fast.dht.net.server.DHTServer$PacketHandler@193cbb82] - [[id: 0x12f9af83, /0:0:0:0:0:0:0:0:6882] EXCEPTION: java.nio.channels.UnresolvedAddressException]
2018-03-01 11:02:16  [ New I/O datagram worker #1'-'1:37069 ] - [ ERROR ]  java.net.SocketTimeoutException: connect timed out
2018-03-01 11:02:16  [ New I/O datagram worker #1'-'1:37176 ] - [ ERROR ]   - [com.fast.dht.net.server.DHTServer$PacketHandler@193cbb82] - [[id: 0x12f9af83, /0:0:0:0:0:0:0:0:6882] EXCEPTION: java.nio.channels.UnresolvedAddressException]
2018-03-01 11:02:21  [ New I/O datagram worker #1'-'1:42324 ] - [ ERROR ]  java.net.SocketTimeoutException: connect timed out
2018-03-01 11:02:21  [ New I/O datagram worker #1'-'1:42411 ] - [ ERROR ]   - [com.fast.dht.net.server.DHTServer$PacketHandler@193cbb82] - [[id: 0x12f9af83, /0:0:0:0:0:0:0:0:6882] EXCEPTION: java.nio.channels.UnresolvedAddressException]
2018-03-01 11:02:27  [ New I/O datagram worker #1'-'1:47820 ] - [ ERROR ]  java.net.SocketTimeoutException: connect timed out
2018-03-01 11:02:27  [ New I/O datagram worker #1'-'1:47930 ] - [ ERROR ]   - [com.fast.dht.net.server.DHTServer$PacketHandler@193cbb82] - [[id: 0x12f9af83, /0:0:0:0:0:0:0:0:6882] EXCEPTION: java.nio.channels.UnresolvedAddressException]
2018-03-01 11:02:54  [ New I/O datagram worker #1'-'1:74519 ] - [ ERROR ]  java.net.SocketTimeoutException: connect timed out
2018-03-01 11:02:54  [ New I/O datagram worker #1'-'1:74593 ] - [ ERROR ]   - [com.fast.dht.net.server.DHTServer$PacketHandler@193cbb82] - [[id: 0x12f9af83, /0:0:0:0:0:0:0:0:6882] EXCEPTION: java.nio.channels.UnresolvedAddressException]
2018-03-01 11:02:59  [ New I/O datagram worker #1'-'1:79594 ] - [ ERROR ]  java.net.SocketTimeoutException: connect timed out
2018-03-01 11:02:59  [ New I/O datagram worker #1'-'1:79595 ] - [ ERROR ]   - [com.fast.dht.net.server.DHTServer$PacketHandler@193cbb82] - [[id: 0x12f9af83, /0:0:0:0:0:0:0:0:6882] EXCEPTION: java.nio.channels.UnresolvedAddressException]
2018-03-01 11:03:05  [ New I/O datagram worker #1'-'1:85477 ] - [ ERROR ]  java.net.SocketTimeoutException: connect timed out
2018-03-01 11:03:12  [ New I/O datagram worker #1'-'1:93002 ] - [ ERROR ]  java.net.SocketTimeoutException: connect timed out
2018-03-01 11:03:12  [ New I/O datagram worker #1'-'1:93088 ] - [ ERROR ]   - [com.fast.dht.net.server.DHTServer$PacketHandler@193cbb82] - [[id: 0x12f9af83, /0:0:0:0:0:0:0:0:6882] EXCEPTION: java.nio.channels.UnresolvedAddressException]
2018-03-01 11:04:30  [ New I/O datagram worker #1'-'1:1955 ] - [ ERROR ]   - [com.fast.dht.net.server.DHTServer$PacketHandler@70856667] - [[id: 0x12f9af83, /0:0:0:0:0:0:0:0:6882] EXCEPTION: java.nio.channels.UnresolvedAddressException]
2018-03-01 11:04:58  [ New I/O datagram worker #1'-'1:2174 ] - [ ERROR ]   - [com.fast.dht.net.server.DHTServer$PacketHandler@4a883703] - [[id: 0x12f9af83, /0:0:0:0:0:0:0:0:6882] EXCEPTION: java.nio.channels.UnresolvedAddressException]
2018-03-01 11:05:26  [ New I/O datagram worker #1'-'1:6103 ] - [ ERROR ]  java.net.SocketTimeoutException: connect timed out
2018-03-01 11:05:26  [ New I/O datagram worker #1'-'1:6108 ] - [ ERROR ]   - [com.fast.dht.net.server.DHTServer$PacketHandler@3a57aac3] - [[id: 0x12f9af83, /0:0:0:0:0:0:0:0:6882] EXCEPTION: java.nio.channels.UnresolvedAddressException]
2018-03-01 11:06:49  [ New I/O datagram worker #1'-'1:1960 ] - [ ERROR ]   - [com.fast.dht.net.server.DHTServer$PacketHandler@7cd13d27] - [[id: 0x12f9af83, /0:0:0:0:0:0:0:0:6882] EXCEPTION: java.nio.channels.UnresolvedAddressException]
2018-03-01 11:07:11  [ New I/O datagram worker #1'-'1:24824 ] - [ ERROR ]  
java.io.EOFException
	at com.fast.dht.coding.BencodingInputStream.readFully(BencodingInputStream.java:246)
	at com.fast.dht.coding.BencodingInputStream.readFully(BencodingInputStream.java:236)
	at com.fast.dht.coding.BencodingInputStream.readBytes(BencodingInputStream.java:96)
	at com.fast.dht.coding.BencodingInputStream.readObject(BencodingInputStream.java:67)
	at com.fast.dht.coding.BencodingInputStream.readObject(BencodingInputStream.java:53)
	at com.fast.dht.coding.BencodingInputStream.readMap0(BencodingInputStream.java:228)
	at com.fast.dht.coding.BencodingInputStream.readObject(BencodingInputStream.java:58)
	at com.fast.dht.coding.BencodingInputStream.readObject(BencodingInputStream.java:53)
	at com.fast.dht.coding.BencodingInputStream.readMap0(BencodingInputStream.java:228)
	at com.fast.dht.coding.BencodingInputStream.readMap(BencodingInputStream.java:217)
	at com.fast.dht.net.server.DHTServer$PacketHandler.messageReceived(DHTServer.java:217)
	at org.jboss.netty.channel.SimpleChannelHandler.handleUpstream(SimpleChannelHandler.java:100)
	at org.jboss.netty.channel.DefaultChannelPipeline.sendUpstream(DefaultChannelPipeline.java:564)
	at org.jboss.netty.channel.DefaultChannelPipeline.sendUpstream(DefaultChannelPipeline.java:559)
	at org.jboss.netty.channel.Channels.fireMessageReceived(Channels.java:274)
	at org.jboss.netty.channel.socket.nio.NioDatagramWorker.read(NioDatagramWorker.java:419)
	at org.jboss.netty.channel.socket.nio.NioDatagramWorker.processSelectedKeys(NioDatagramWorker.java:348)
	at org.jboss.netty.channel.socket.nio.NioDatagramWorker.run(NioDatagramWorker.java:261)
	at org.jboss.netty.util.ThreadRenamingRunnable.run(ThreadRenamingRunnable.java:108)
	at java.util.concurrent.ThreadPoolExecutor.runWorker(ThreadPoolExecutor.java:1149)
	at java.util.concurrent.ThreadPoolExecutor$Worker.run(ThreadPoolExecutor.java:624)
	at java.lang.Thread.run(Thread.java:748)
2018-03-01 11:07:31  [ New I/O datagram worker #1'-'1:1954 ] - [ ERROR ]   - [com.fast.dht.net.server.DHTServer$PacketHandler@70ee9c37] - [[id: 0x12f9af83, /0:0:0:0:0:0:0:0:6882] EXCEPTION: java.nio.channels.UnresolvedAddressException]
2018-03-01 11:09:42  [ New I/O datagram worker #1'-'1:1983 ] - [ ERROR ]   - [com.fast.dht.net.server.DHTServer$PacketHandler@7c4e101c] - [[id: 0x12f9af83, /0:0:0:0:0:0:0:0:6882] EXCEPTION: java.nio.channels.UnresolvedAddressException]
2018-03-01 11:10:38  [ New I/O datagram worker #1'-'1:2004 ] - [ ERROR ]   - [com.fast.dht.net.server.DHTServer$PacketHandler@28811ec3] - [[id: 0x12f9af83, /0:0:0:0:0:0:0:0:6882] EXCEPTION: java.nio.channels.UnresolvedAddressException]
2018-03-01 11:11:01  [ New I/O datagram worker #1'-'1:25247 ] - [ ERROR ]  java.net.SocketException: Connection reset
2018-03-01 11:11:46  [ New I/O datagram worker #1'-'1:24018 ] - [ ERROR ]  java.net.SocketTimeoutException: Read timed out
2018-03-01 11:11:46  [ New I/O datagram worker #1'-'1:24110 ] - [ ERROR ]   - [com.fast.dht.net.server.DHTServer$PacketHandler@66a801f9] - [[id: 0x12f9af83, /0:0:0:0:0:0:0:0:6882] EXCEPTION: java.nio.channels.UnresolvedAddressException]
2018-03-01 11:12:32  [ New I/O datagram worker #1'-'1:1940 ] - [ ERROR ]   - [com.fast.dht.net.server.DHTServer$PacketHandler@3613b3aa] - [[id: 0x12f9af83, /0:0:0:0:0:0:0:0:6882] EXCEPTION: java.nio.channels.UnresolvedAddressException]
2018-03-01 11:13:18  [ New I/O datagram worker #1'-'1:48230 ] - [ ERROR ]  java.net.SocketException: Connection reset
2018-03-01 11:13:18  [ New I/O datagram worker #1'-'1:48333 ] - [ ERROR ]   - [com.fast.dht.net.server.DHTServer$PacketHandler@3613b3aa] - [[id: 0x12f9af83, /0:0:0:0:0:0:0:0:6882] EXCEPTION: java.nio.channels.UnresolvedAddressException]
2018-03-01 11:13:33  [ New I/O datagram worker #1'-'1:63268 ] - [ ERROR ]  java.net.SocketTimeoutException: connect timed out
2018-03-01 11:13:33  [ New I/O datagram worker #1'-'1:63358 ] - [ ERROR ]   - [com.fast.dht.net.server.DHTServer$PacketHandler@3613b3aa] - [[id: 0x12f9af83, /0:0:0:0:0:0:0:0:6882] EXCEPTION: java.nio.channels.UnresolvedAddressException]
2018-03-01 11:13:41  [ New I/O datagram worker #1'-'1:71105 ] - [ ERROR ]  java.net.SocketTimeoutException: Read timed out
2018-03-01 11:13:41  [ New I/O datagram worker #1'-'1:71126 ] - [ ERROR ]   - [com.fast.dht.net.server.DHTServer$PacketHandler@3613b3aa] - [[id: 0x12f9af83, /0:0:0:0:0:0:0:0:6882] EXCEPTION: java.nio.channels.UnresolvedAddressException]
2018-03-01 11:13:46  [ New I/O datagram worker #1'-'1:76159 ] - [ ERROR ]  java.net.SocketTimeoutException: connect timed out
2018-03-01 11:13:46  [ New I/O datagram worker #1'-'1:76209 ] - [ ERROR ]   - [com.fast.dht.net.server.DHTServer$PacketHandler@3613b3aa] - [[id: 0x12f9af83, /0:0:0:0:0:0:0:0:6882] EXCEPTION: java.nio.channels.UnresolvedAddressException]
2018-03-01 11:14:13  [ New I/O datagram worker #1'-'1:19583 ] - [ ERROR ]  java.net.SocketTimeoutException: connect timed out
2018-03-01 11:14:13  [ New I/O datagram worker #1'-'1:19692 ] - [ ERROR ]   - [com.fast.dht.net.server.DHTServer$PacketHandler@2926afa0] - [[id: 0x12f9af83, /0:0:0:0:0:0:0:0:6882] EXCEPTION: java.nio.channels.UnresolvedAddressException]
2018-03-01 11:14:47  [ New I/O datagram worker #1'-'1:53524 ] - [ ERROR ]  java.lang.NullPointerException
2018-03-01 11:14:47  [ New I/O datagram worker #1'-'1:53624 ] - [ ERROR ]   - [com.fast.dht.net.server.DHTServer$PacketHandler@2926afa0] - [[id: 0x12f9af83, /0:0:0:0:0:0:0:0:6882] EXCEPTION: java.nio.channels.UnresolvedAddressException]
2018-03-01 11:14:47  [ New I/O datagram worker #1'-'1:53624 ] - [ ERROR ]   - [com.fast.dht.net.server.DHTServer$PacketHandler@2926afa0] - [[id: 0x12f9af83, /0:0:0:0:0:0:0:0:6882] EXCEPTION: java.nio.channels.UnresolvedAddressException]
2018-03-01 11:14:53  [ New I/O datagram worker #1'-'1:59374 ] - [ ERROR ]  
java.io.EOFException
	at com.fast.dht.coding.BencodingInputStream.readFully(BencodingInputStream.java:246)
	at com.fast.dht.coding.BencodingInputStream.readFully(BencodingInputStream.java:236)
	at com.fast.dht.coding.BencodingInputStream.readBytes(BencodingInputStream.java:96)
	at com.fast.dht.coding.BencodingInputStream.readObject(BencodingInputStream.java:67)
	at com.fast.dht.coding.BencodingInputStream.readObject(BencodingInputStream.java:53)
	at com.fast.dht.coding.BencodingInputStream.readMap0(BencodingInputStream.java:228)
	at com.fast.dht.coding.BencodingInputStream.readObject(BencodingInputStream.java:58)
	at com.fast.dht.coding.BencodingInputStream.readObject(BencodingInputStream.java:53)
	at com.fast.dht.coding.BencodingInputStream.readMap0(BencodingInputStream.java:228)
	at com.fast.dht.coding.BencodingInputStream.readMap(BencodingInputStream.java:217)
	at com.fast.dht.net.server.DHTServer$PacketHandler.messageReceived(DHTServer.java:216)
	at org.jboss.netty.channel.SimpleChannelHandler.handleUpstream(SimpleChannelHandler.java:100)
	at org.jboss.netty.channel.DefaultChannelPipeline.sendUpstream(DefaultChannelPipeline.java:564)
	at org.jboss.netty.channel.DefaultChannelPipeline.sendUpstream(DefaultChannelPipeline.java:559)
	at org.jboss.netty.channel.Channels.fireMessageReceived(Channels.java:274)
	at org.jboss.netty.channel.socket.nio.NioDatagramWorker.read(NioDatagramWorker.java:419)
	at org.jboss.netty.channel.socket.nio.NioDatagramWorker.processSelectedKeys(NioDatagramWorker.java:348)
	at org.jboss.netty.channel.socket.nio.NioDatagramWorker.run(NioDatagramWorker.java:261)
	at org.jboss.netty.util.ThreadRenamingRunnable.run(ThreadRenamingRunnable.java:108)
	at java.util.concurrent.ThreadPoolExecutor.runWorker(ThreadPoolExecutor.java:1149)
	at java.util.concurrent.ThreadPoolExecutor$Worker.run(ThreadPoolExecutor.java:624)
	at java.lang.Thread.run(Thread.java:748)
2018-03-01 11:15:17  [ New I/O datagram worker #1'-'1:83439 ] - [ ERROR ]  java.net.SocketTimeoutException: connect timed out
2018-03-01 11:15:17  [ New I/O datagram worker #1'-'1:83529 ] - [ ERROR ]   - [com.fast.dht.net.server.DHTServer$PacketHandler@2926afa0] - [[id: 0x12f9af83, /0:0:0:0:0:0:0:0:6882] EXCEPTION: java.nio.channels.UnresolvedAddressException]
2018-03-01 11:15:25  [ New I/O datagram worker #1'-'1:91691 ] - [ ERROR ]  java.net.SocketException: Connection reset
2018-03-01 11:15:27  [ New I/O datagram worker #1'-'1:93300 ] - [ ERROR ]   - [com.fast.dht.net.server.DHTServer$PacketHandler@2926afa0] - [[id: 0x12f9af83, /0:0:0:0:0:0:0:0:6882] EXCEPTION: java.net.SocketException: Network is unreachable: no further information]
2018-03-01 11:16:18  [ New I/O datagram worker #1'-'1:144432 ] - [ ERROR ]   - [com.fast.dht.net.server.DHTServer$PacketHandler@2926afa0] - [[id: 0x12f9af83, /0:0:0:0:0:0:0:0:6882] EXCEPTION: java.net.SocketException: Network is unreachable: no further information]
2018-03-01 11:16:52  [ New I/O datagram worker #1'-'1:178814 ] - [ ERROR ]  java.lang.NullPointerException
2018-03-01 11:16:52  [ New I/O datagram worker #1'-'1:178892 ] - [ ERROR ]   - [com.fast.dht.net.server.DHTServer$PacketHandler@2926afa0] - [[id: 0x12f9af83, /0:0:0:0:0:0:0:0:6882] EXCEPTION: java.nio.channels.UnresolvedAddressException]
2018-03-01 11:16:59  [ New I/O datagram worker #1'-'1:185868 ] - [ ERROR ]  java.lang.NullPointerException
2018-03-01 11:16:59  [ New I/O datagram worker #1'-'1:185925 ] - [ ERROR ]   - [com.fast.dht.net.server.DHTServer$PacketHandler@2926afa0] - [[id: 0x12f9af83, /0:0:0:0:0:0:0:0:6882] EXCEPTION: java.nio.channels.UnresolvedAddressException]
2018-03-01 11:17:09  [ New I/O datagram worker #1'-'1:195699 ] - [ ERROR ]  java.net.SocketException: Connection reset
2018-03-01 21:46:56  [ New I/O datagram worker #1'-'1:2136 ] - [ ERROR ]   - [com.fast.dht.net.server.DHTServer$PacketHandler@25607b2a] - [[id: 0x12f9af83, /0:0:0:0:0:0:0:0:6882] EXCEPTION: java.nio.channels.UnresolvedAddressException]
